Build started 10/6/2015 9:10:01 PM.
     1>Project "C:\Users\Luyao\Desktop\NewRepo\Cube.vcxproj" on node 2 (Build target(s)).
     1>ClCompile:
         E:\Visual Studio\VC\bin\CL.exe /c /I"C:\glut\glut-3.7.6-bin" /Ic:\libs\glut /ZI /nologo /W3 /WX- /Od /Oy- /D WIN32 /D _DEBUG /D _CONSOLE /Gm /EHsc /RTC1 /MDd /GS /fp:precise /Zc:wchar_t /Zc:forScope /Zc:inline /Fo"Debug\\" /Fd"Debug\vc140.pdb" /Gd /TP /analyze- /errorReport:prompt Camera.cpp Cube.cpp Globals.cpp House.cpp MathTestBench.cpp Sphere.cpp Window.cpp main.cpp
         main.cpp
         Window.cpp
         Globals.cpp
         Camera.cpp
         Generating Code...
         Compiling...
         Sphere.cpp
         House.cpp
         Cube.cpp
         Generating Code...
         Skipping... (no relevant changes detected)
         MathTestBench.cpp
       Link:
         E:\Visual Studio\VC\bin\link.exe /ERRORREPORT:PROMPT /OUT:"Debug\Cube.exe" /INCREMENTAL /NOLOGO /LIBPATH:"C:\glut\glut-3.7.6-bin" /LIBPATH:c:\libs\glut kernel32.lib user32.lib gdi32.lib winspool.lib comdlg32.lib advapi32.lib shell32.lib ole32.lib oleaut32.lib uuid.lib odbc32.lib odbccp32.lib /MANIFEST /MANIFESTUAC:"level='asInvoker' uiAccess='false'" /manifest:embed /Debug /PDB:"Debug\Cube.pdb" /SUBSYSTEM:CONSOLE /TLBID:1 /DYNAMICBASE /NXCOMPAT /IMPLIB:"Debug\Cube.lib" /MACHINE:X86 /SAFESEH Debug\House.obj
         Debug\main.obj
         Debug\Camera.obj
         Debug\Color.obj
         Debug\Cube.obj
         Debug\Light.obj
         Debug\Material.obj
         Debug\Matrix4.obj
         Debug\Drawable.obj
         Debug\DrawData.obj
         Debug\Sphere.obj
         Debug\Texture.obj
         Debug\UpdateData.obj
         Debug\Vector3.obj
         Debug\Vector4.obj
         Debug\Window.obj
         Debug\Globals.obj
         Debug\MathTestBench.obj
         Debug\OBJObject.obj
     1>House.obj : warning LNK4075: ignoring '/EDITANDCONTINUE' due to '/SAFESEH' specification
         Cube.vcxproj -> C:\Users\Luyao\Desktop\NewRepo\Debug\Cube.exe
     1>Done Building Project "C:\Users\Luyao\Desktop\NewRepo\Cube.vcxproj" (Build target(s)).

Build succeeded.

Time Elapsed 00:00:04.32
